index,uuid,driver_version,name,gpu_serial,display_active,display_mode
0,GPU-89f7146e-9864-a874-a024-4b4c620d8f98,460.32.03,Tesla V100-SXM2-32GB,1565019013376,Disabled,Enabled

pid,process_name,gpu_uuid,gpu_name,used_memory

index,utilization_gpu,memory_total,memory_used,memory_free,timestamp
0,0,32510,3,32507,2023/07/01 09:15:38.791
0,5,32510,16536,15974,2023/07/01 09:16:08.855
0,0,32510,20580,11930,2023/07/01 09:16:38.947
0,0,32510,20580,11930,2023/07/01 09:17:08.995
0,57,32510,20580,11930,2023/07/01 09:17:39.060
0,6,32510,20580,11930,2023/07/01 09:18:09.138
0,0,32510,20580,11930,2023/07/01 09:18:39.194
0,30,32510,20580,11930,2023/07/01 09:19:09.264
0,0,32510,20580,11930,2023/07/01 09:19:39.298
0,0,32510,20580,11930,2023/07/01 09:20:09.361
0,82,32510,20580,11930,2023/07/01 09:20:39.449
0,45,32510,20580,11930,2023/07/01 09:21:09.495
0,0,32510,20580,11930,2023/07/01 09:21:39.560
0,100,32510,20580,11930,2023/07/01 09:22:09.599
0,93,32510,20580,11930,2023/07/01 09:22:39.664
0,0,32510,20580,11930,2023/07/01 09:23:09.725
0,0,32510,20580,11930,2023/07/01 09:23:39.764
0,40,32510,20580,11930,2023/07/01 09:24:09.806
0,4,32510,20580,11930,2023/07/01 09:24:39.891
0,57,32510,20580,11930,2023/07/01 09:25:09.960
0,0,32510,20580,11930,2023/07/01 09:25:40.053
0,50,32510,20580,11930,2023/07/01 09:26:10.093
0,0,32510,20580,11930,2023/07/01 09:26:40.162
0,0,32510,20580,11930,2023/07/01 09:27:10.222
0,0,32510,20580,11930,2023/07/01 09:27:40.289
0,42,32510,20580,11930,2023/07/01 09:28:10.357
0,0,32510,20580,11930,2023/07/01 09:28:40.410
0,0,32510,20580,11930,2023/07/01 09:29:10.468
0,0,32510,20580,11930,2023/07/01 09:29:40.542
0,57,32510,20580,11930,2023/07/01 09:30:10.603
0,0,32510,20580,11930,2023/07/01 09:30:40.693
0,0,32510,20580,11930,2023/07/01 09:31:10.758
0,3,32510,20580,11930,2023/07/01 09:31:40.805
0,0,32510,20580,11930,2023/07/01 09:32:10.867
0,0,32510,20580,11930,2023/07/01 09:32:40.937
0,35,32510,20580,11930,2023/07/01 09:33:11.039
0,0,32510,20580,11930,2023/07/01 09:33:41.103
0,8,32510,20580,11930,2023/07/01 09:34:11.147
0,0,32510,20580,11930,2023/07/01 09:34:41.205
0,47,32510,20580,11930,2023/07/01 09:35:11.265
0,47,32510,20580,11930,2023/07/01 09:35:41.305
0,0,32510,20580,11930,2023/07/01 09:36:11.362
0,0,32510,20580,11930,2023/07/01 09:36:41.452
0,0,32510,20580,11930,2023/07/01 09:37:11.506
0,41,32510,20580,11930,2023/07/01 09:37:41.566
0,0,32510,20580,11930,2023/07/01 09:38:11.618
0,0,32510,20580,11930,2023/07/01 09:38:41.687
0,64,32510,20580,11930,2023/07/01 09:39:11.755
0,0,32510,20580,11930,2023/07/01 09:39:41.813
0,0,32510,20580,11930,2023/07/01 09:40:11.875
0,99,32510,20580,11930,2023/07/01 09:40:41.957
0,0,32510,20580,11930,2023/07/01 09:41:12.011
0,38,32510,20580,11930,2023/07/01 09:41:42.062
0,0,32510,20580,11930,2023/07/01 09:42:12.101
0,0,32510,20580,11930,2023/07/01 09:42:42.161
0,0,32510,20580,11930,2023/07/01 09:43:12.239
0,0,32510,20580,11930,2023/07/01 09:43:42.282
0,0,32510,20580,11930,2023/07/01 09:44:12.344
0,52,32510,20580,11930,2023/07/01 09:44:42.404
0,75,32510,20580,11930,2023/07/01 09:45:12.465
0,0,32510,20580,11930,2023/07/01 09:45:42.561
0,0,32510,20580,11930,2023/07/01 09:46:12.613
0,0,32510,20580,11930,2023/07/01 09:46:42.673
0,0,32510,20580,11930,2023/07/01 09:47:12.746
0,0,32510,20580,11930,2023/07/01 09:47:42.802
0,0,32510,20580,11930,2023/07/01 09:48:12.840
0,0,32510,20580,11930,2023/07/01 09:48:42.901
0,80,32510,20580,11930,2023/07/01 09:49:12.962
0,0,32510,20580,11930,2023/07/01 09:49:43.021
0,65,32510,20580,11930,2023/07/01 09:50:13.078
0,65,32510,20580,11930,2023/07/01 09:50:43.161
0,83,32510,20580,11930,2023/07/01 09:51:13.238
0,0,32510,20580,11930,2023/07/01 09:51:43.300
0,0,32510,20580,11930,2023/07/01 09:52:13.363
0,21,32510,20580,11930,2023/07/01 09:52:43.450
0,0,32510,20580,11930,2023/07/01 09:53:13.555
0,0,32510,20580,11930,2023/07/01 09:53:43.639
0,12,32510,20580,11930,2023/07/01 09:54:13.677
0,0,32510,20580,11930,2023/07/01 09:54:43.738
0,100,32510,20580,11930,2023/07/01 09:55:13.800
0,23,32510,20580,11930,2023/07/01 09:55:43.890
0,0,32510,20580,11930,2023/07/01 09:56:13.940
0,2,32510,20580,11930,2023/07/01 09:56:44.002
0,0,32510,20580,11930,2023/07/01 09:57:14.069
0,69,32510,20580,11930,2023/07/01 09:57:44.151
0,0,32510,20580,11930,2023/07/01 09:58:14.199
0,84,32510,20580,11930,2023/07/01 09:58:44.258
0,44,32510,20580,11930,2023/07/01 09:59:14.355
0,0,32510,20580,11930,2023/07/01 09:59:44.417
0,67,32510,20580,11930,2023/07/01 10:00:14.483
0,32,32510,20580,11930,2023/07/01 10:00:44.559
0,53,32510,20580,11930,2023/07/01 10:01:14.592
0,68,32510,20580,11930,2023/07/01 10:01:44.663
0,26,32510,20580,11930,2023/07/01 10:02:14.741
0,0,32510,20580,11930,2023/07/01 10:02:44.800
0,0,32510,20580,11930,2023/07/01 10:03:14.862
0,55,32510,20580,11930,2023/07/01 10:03:44.913
0,6,32510,20580,11930,2023/07/01 10:04:14.973
0,0,32510,20580,11930,2023/07/01 10:04:45.006
0,88,32510,20580,11930,2023/07/01 10:05:15.072
0,0,32510,20580,11930,2023/07/01 10:05:45.163
0,0,32510,20580,11930,2023/07/01 10:06:15.240
0,53,32510,20580,11930,2023/07/01 10:06:45.354
0,0,32510,20580,11930,2023/07/01 10:07:15.389
0,0,32510,20580,11930,2023/07/01 10:07:45.449
0,5,32510,20580,11930,2023/07/01 10:08:15.492
0,0,32510,20580,11930,2023/07/01 10:08:45.561
0,0,32510,20580,11930,2023/07/01 10:09:15.614
0,0,32510,20580,11930,2023/07/01 10:09:45.652
0,0,32510,20580,11930,2023/07/01 10:10:15.711
0,0,32510,20580,11930,2023/07/01 10:10:45.774
0,44,32510,20580,11930,2023/07/01 10:11:15.863
0,24,32510,20580,11930,2023/07/01 10:11:45.962
0,0,32510,20580,11930,2023/07/01 10:12:16.012
0,99,32510,20580,11930,2023/07/01 10:12:46.074
0,0,32510,20580,11930,2023/07/01 10:13:16.141
0,0,32510,20580,11930,2023/07/01 10:13:46.191
0,86,32510,20580,11930,2023/07/01 10:14:16.257
0,0,32510,20580,11930,2023/07/01 10:14:46.318
0,0,32510,20580,11930,2023/07/01 10:15:16.378
0,0,32510,20580,11930,2023/07/01 10:15:46.445
0,29,32510,20580,11930,2023/07/01 10:16:16.495
0,0,32510,20580,11930,2023/07/01 10:16:46.561
0,0,32510,20580,11930,2023/07/01 10:17:16.621
0,0,32510,20580,11930,2023/07/01 10:17:46.663
0,0,32510,20580,11930,2023/07/01 10:18:16.701
0,0,32510,20580,11930,2023/07/01 10:18:46.793
0,78,32510,20580,11930,2023/07/01 10:19:16.861
0,53,32510,20580,11930,2023/07/01 10:19:46.947
0,0,32510,20580,11930,2023/07/01 10:20:17.010
0,92,32510,20580,11930,2023/07/01 10:20:47.071
0,0,32510,20580,11930,2023/07/01 10:21:17.108
0,0,32510,20580,11930,2023/07/01 10:21:47.162
0,0,32510,20580,11930,2023/07/01 10:22:17.225
0,0,32510,20580,11930,2023/07/01 10:22:47.287
0,90,32510,20580,11930,2023/07/01 10:23:17.361
0,0,32510,20580,11930,2023/07/01 10:23:47.400
0,0,32510,20580,11930,2023/07/01 10:24:17.460
0,0,32510,20580,11930,2023/07/01 10:24:47.540
0,32,32510,20580,11930,2023/07/01 10:25:17.583
0,0,32510,20580,11930,2023/07/01 10:25:47.646
0,0,32510,20580,11930,2023/07/01 10:26:17.718
0,0,32510,20580,11930,2023/07/01 10:26:47.782
0,0,32510,20580,11930,2023/07/01 10:27:17.848
0,0,32510,20580,11930,2023/07/01 10:27:47.907
0,19,32510,20580,11930,2023/07/01 10:28:17.962
0,35,32510,20580,11930,2023/07/01 10:28:48.049
0,31,32510,20580,11930,2023/07/01 10:29:18.116
0,100,32510,20580,11930,2023/07/01 10:29:48.165
0,0,32510,20580,11930,2023/07/01 10:30:18.218
0,67,32510,20580,11930,2023/07/01 10:30:48.295
0,18,32510,20580,11930,2023/07/01 10:31:18.363
0,0,32510,20580,11930,2023/07/01 10:31:48.449
0,43,32510,20580,11930,2023/07/01 10:32:18.494
0,0,32510,20580,11930,2023/07/01 10:32:48.560
0,41,32510,20580,11930,2023/07/01 10:33:18.646
0,9,32510,20580,11930,2023/07/01 10:33:48.747
0,0,32510,20580,11930,2023/07/01 10:34:18.779
0,50,32510,20580,11930,2023/07/01 10:34:48.849
0,0,32510,20580,11930,2023/07/01 10:35:18.911
0,0,32510,20580,11930,2023/07/01 10:35:48.971
0,0,32510,20580,11930,2023/07/01 10:36:19.046
0,0,32510,20580,11930,2023/07/01 10:36:49.109
0,0,32510,20580,11930,2023/07/01 10:37:19.167
0,0,32510,20580,11930,2023/07/01 10:37:49.202
0,23,32510,20580,11930,2023/07/01 10:38:19.265
0,58,32510,20580,11930,2023/07/01 10:38:49.361
0,0,32510,20580,11930,2023/07/01 10:39:19.400
0,13,32510,20580,11930,2023/07/01 10:39:49.463
0,69,32510,20580,11930,2023/07/01 10:40:19.502
0,4,32510,20580,11930,2023/07/01 10:40:49.597
0,40,32510,20580,11930,2023/07/01 10:41:19.665
0,0,32510,20580,11930,2023/07/01 10:41:49.732
0,34,32510,20580,11930,2023/07/01 10:42:19.766
0,0,32510,20580,11930,2023/07/01 10:42:49.838
0,9,32510,20580,11930,2023/07/01 10:43:19.903
0,21,32510,20580,11930,2023/07/01 10:43:49.963
0,0,32510,20580,11930,2023/07/01 10:44:20.021
0,0,32510,20580,11930,2023/07/01 10:44:50.074
0,83,32510,20580,11930,2023/07/01 10:45:20.161
0,0,32510,20580,11930,2023/07/01 10:45:50.245
0,0,32510,20580,11930,2023/07/01 10:46:20.302
0,0,32510,20580,11930,2023/07/01 10:46:50.364
0,0,32510,20580,11930,2023/07/01 10:47:20.403
0,0,32510,20580,11930,2023/07/01 10:47:50.454
0,0,32510,20580,11930,2023/07/01 10:48:20.516
0,0,32510,20580,11930,2023/07/01 10:48:50.571
0,0,32510,20580,11930,2023/07/01 10:49:20.647
0,0,32510,20580,11930,2023/07/01 10:49:50.709
0,0,32510,20580,11930,2023/07/01 10:50:20.772
0,0,32510,20580,11930,2023/07/01 10:50:50.859
0,0,32510,20580,11930,2023/07/01 10:51:20.938
0,39,32510,20580,11930,2023/07/01 10:51:50.974
0,0,32510,20580,11930,2023/07/01 10:52:21.046
0,0,32510,20580,11930,2023/07/01 10:52:51.106
0,0,32510,20580,11930,2023/07/01 10:53:21.164
0,0,32510,20580,11930,2023/07/01 10:53:51.251
0,0,32510,20580,11930,2023/07/01 10:54:21.307
0,0,32510,20580,11930,2023/07/01 10:54:51.371
0,0,32510,20580,11930,2023/07/01 10:55:21.446
0,0,32510,20580,11930,2023/07/01 10:55:51.506
0,0,32510,20580,11930,2023/07/01 10:56:21.567
0,77,32510,20580,11930,2023/07/01 10:56:51.651
0,5,32510,20580,11930,2023/07/01 10:57:21.713
0,0,32510,20580,11930,2023/07/01 10:57:51.775
0,82,32510,20580,11930,2023/07/01 10:58:21.852
0,4,32510,20580,11930,2023/07/01 10:58:51.917
0,0,32510,20580,11930,2023/07/01 10:59:21.978
0,0,32510,20580,11930,2023/07/01 10:59:52.041
0,0,32510,20580,11930,2023/07/01 11:00:22.102
0,0,32510,20580,11930,2023/07/01 11:00:52.162
0,0,32510,20580,11930,2023/07/01 11:01:22.226
0,100,32510,20580,11930,2023/07/01 11:01:52.286
0,0,32510,20580,11930,2023/07/01 11:02:22.346
0,43,32510,20580,11930,2023/07/01 11:02:52.386
0,0,32510,20580,11930,2023/07/01 11:03:22.458
0,0,32510,20580,11930,2023/07/01 11:03:52.504
0,0,32510,20580,11930,2023/07/01 11:04:22.566
0,31,32510,20580,11930,2023/07/01 11:04:52.657
0,0,32510,20580,11930,2023/07/01 11:05:22.723
0,54,32510,20580,11930,2023/07/01 11:05:52.790
0,0,32510,20580,11930,2023/07/01 11:06:22.854
0,0,32510,20580,11930,2023/07/01 11:06:52.938
0,7,32510,20580,11930,2023/07/01 11:07:22.991
0,0,32510,20580,11930,2023/07/01 11:07:53.038
0,18,32510,20580,11930,2023/07/01 11:08:23.138
0,0,32510,20580,11930,2023/07/01 11:08:53.204
0,0,32510,20580,11930,2023/07/01 11:09:23.257
0,0,32510,20580,11930,2023/07/01 11:09:53.320
0,70,32510,20580,11930,2023/07/01 11:10:23.358
0,100,32510,20580,11930,2023/07/01 11:10:53.459
0,5,32510,20580,11930,2023/07/01 11:11:23.523
0,72,32510,20580,11930,2023/07/01 11:11:53.594
0,0,32510,20580,11930,2023/07/01 11:12:23.695
0,0,32510,20580,11930,2023/07/01 11:12:53.760
0,0,32510,20580,11930,2023/07/01 11:13:23.806
0,21,32510,20580,11930,2023/07/01 11:13:53.891
0,0,32510,20580,11930,2023/07/01 11:14:23.959
0,50,32510,20580,11930,2023/07/01 11:14:54.048
0,0,32510,20580,11930,2023/07/01 11:15:24.108
0,20,32510,20580,11930,2023/07/01 11:15:54.169
0,59,32510,20580,11930,2023/07/01 11:16:24.249
0,43,32510,20580,11930,2023/07/01 11:16:54.341
0,0,32510,20580,11930,2023/07/01 11:17:24.437
0,0,32510,20580,11930,2023/07/01 11:17:54.500
0,2,32510,20580,11930,2023/07/01 11:18:24.563
0,0,32510,20580,11930,2023/07/01 11:18:54.651
0,0,32510,20580,11930,2023/07/01 11:19:24.688
0,0,32510,20580,11930,2023/07/01 11:19:54.762
0,0,32510,20580,11930,2023/07/01 11:20:24.815
0,6,32510,20580,11930,2023/07/01 11:20:54.862
0,0,32510,20580,11930,2023/07/01 11:21:24.897
0,53,32510,20580,11930,2023/07/01 11:21:54.961
0,0,32510,20580,11930,2023/07/01 11:22:25.017
0,0,32510,20580,11930,2023/07/01 11:22:55.064
0,0,32510,20580,11930,2023/07/01 11:23:25.138
0,100,32510,20580,11930,2023/07/01 11:23:55.246
0,0,32510,20580,11930,2023/07/01 11:24:25.295
0,0,32510,20580,11930,2023/07/01 11:24:55.338
0,72,32510,20580,11930,2023/07/01 11:25:25.378
0,0,32510,20580,11930,2023/07/01 11:25:55.444
0,0,32510,20580,11930,2023/07/01 11:26:25.505
0,0,32510,20580,11930,2023/07/01 11:26:55.567
0,0,32510,20580,11930,2023/07/01 11:27:25.663
0,0,32510,20580,11930,2023/07/01 11:27:55.732
0,25,32510,20580,11930,2023/07/01 11:28:25.793
0,0,32510,20580,11930,2023/07/01 11:28:55.847
0,0,32510,20580,11930,2023/07/01 11:29:25.906
0,35,32510,20580,11930,2023/07/01 11:29:55.963
0,1,32510,20580,11930,2023/07/01 11:30:26.054
0,0,32510,20580,11930,2023/07/01 11:30:56.120
0,0,32510,20580,11930,2023/07/01 11:31:26.168
0,69,32510,20580,11930,2023/07/01 11:31:56.250
0,0,32510,20580,11930,2023/07/01 11:32:26.287
0,47,32510,20580,11930,2023/07/01 11:32:56.363
0,55,32510,20580,11930,2023/07/01 11:33:26.450
0,0,32510,20580,11930,2023/07/01 11:33:56.510
0,18,32510,20580,11930,2023/07/01 11:34:26.561
0,89,32510,20580,11930,2023/07/01 11:34:56.595
0,0,32510,20580,11930,2023/07/01 11:35:26.660
0,0,32510,20580,11930,2023/07/01 11:35:56.716
0,50,32510,20580,11930,2023/07/01 11:36:26.778
0,47,32510,20580,11930,2023/07/01 11:36:56.862
0,0,32510,20580,11930,2023/07/01 11:37:26.944
0,0,32510,20580,11930,2023/07/01 11:37:57.006
0,0,32510,20580,11930,2023/07/01 11:38:27.062
0,9,32510,20580,11930,2023/07/01 11:38:57.139
0,0,32510,20580,11930,2023/07/01 11:39:27.186
0,0,32510,20580,11930,2023/07/01 11:39:57.263
0,54,32510,20580,11930,2023/07/01 11:40:27.361
0,0,32510,20580,11930,2023/07/01 11:40:57.442
0,0,32510,20580,11930,2023/07/01 11:41:27.500
0,0,32510,20580,11930,2023/07/01 11:41:57.550
0,0,32510,20580,11930,2023/07/01 11:42:27.594
0,0,32510,20580,11930,2023/07/01 11:42:57.637
0,0,32510,20580,11930,2023/07/01 11:43:27.682
0,24,32510,20580,11930,2023/07/01 11:43:57.762
0,0,32510,20580,11930,2023/07/01 11:44:27.838
0,52,32510,20580,11930,2023/07/01 11:44:57.899
0,84,32510,20580,11930,2023/07/01 11:45:27.964
0,0,32510,20580,11930,2023/07/01 11:45:58.005
0,54,32510,20580,11930,2023/07/01 11:46:28.069
0,71,32510,20580,11930,2023/07/01 11:46:58.155
0,40,32510,20580,11930,2023/07/01 11:47:28.215
0,0,32510,20580,11930,2023/07/01 11:47:58.256
0,6,32510,20580,11930,2023/07/01 11:48:28.299
0,0,32510,20580,11930,2023/07/01 11:48:58.352
0,0,32510,20580,11930,2023/07/01 11:49:28.391
0,0,32510,20580,11930,2023/07/01 11:49:58.426
0,42,32510,20580,11930,2023/07/01 11:50:28.539
0,33,32510,20580,11930,2023/07/01 11:50:58.582
0,0,32510,20580,11930,2023/07/01 11:51:28.673
0,23,32510,20580,11930,2023/07/01 11:51:58.761
0,61,32510,20580,11930,2023/07/01 11:52:28.850
0,0,32510,20580,11930,2023/07/01 11:52:58.912
0,18,32510,20580,11930,2023/07/01 11:53:28.952
0,3,32510,20580,11930,2023/07/01 11:53:59.010
0,39,32510,20580,11930,2023/07/01 11:54:29.073
0,0,32510,20580,11930,2023/07/01 11:54:59.154
0,31,32510,20580,11930,2023/07/01 11:55:29.238
0,0,32510,20580,11930,2023/07/01 11:55:59.274
0,60,32510,20580,11930,2023/07/01 11:56:29.341
0,0,32510,20580,11930,2023/07/01 11:56:59.402
0,81,32510,20580,11930,2023/07/01 11:57:29.494
0,0,32510,20580,11930,2023/07/01 11:57:59.561
0,0,32510,20580,11930,2023/07/01 11:58:29.622
0,0,32510,20580,11930,2023/07/01 11:58:59.693
0,37,32510,20580,11930,2023/07/01 11:59:29.761
0,33,32510,20580,11930,2023/07/01 11:59:59.849
0,0,32510,20580,11930,2023/07/01 12:00:29.953
0,30,32510,20580,11930,2023/07/01 12:01:00.051
0,0,32510,20580,11930,2023/07/01 12:01:30.116
0,75,32510,20580,11930,2023/07/01 12:02:00.192
0,0,32510,20580,11930,2023/07/01 12:02:30.293
0,0,32510,20580,11930,2023/07/01 12:03:00.363
0,0,32510,20580,11930,2023/07/01 12:03:30.446
0,90,32510,20580,11930,2023/07/01 12:04:00.506
0,0,32510,20580,11930,2023/07/01 12:04:30.555
0,36,32510,20580,11930,2023/07/01 12:05:00.591
0,0,32510,20580,11930,2023/07/01 12:05:30.660
0,0,32510,20580,11930,2023/07/01 12:06:00.717
0,0,32510,20580,11930,2023/07/01 12:06:30.790
0,0,32510,20580,11930,2023/07/01 12:07:00.840
0,0,32510,20580,11930,2023/07/01 12:07:30.901
0,0,32510,20580,11930,2023/07/01 12:08:00.967
0,49,32510,20580,11930,2023/07/01 12:08:31.052
0,0,32510,20580,11930,2023/07/01 12:09:01.114
0,35,32510,20580,11930,2023/07/01 12:09:31.162
0,0,32510,20580,11930,2023/07/01 12:10:01.249
0,52,32510,20580,11930,2023/07/01 12:10:31.300
0,81,32510,20580,11930,2023/07/01 12:11:01.363
0,0,32510,20580,11930,2023/07/01 12:11:31.446
0,0,32510,20580,11930,2023/07/01 12:12:01.485
0,100,32510,20580,11930,2023/07/01 12:12:31.561
0,0,32510,20580,11930,2023/07/01 12:13:01.638
0,0,32510,20580,11930,2023/07/01 12:13:31.686
0,0,32510,20580,11930,2023/07/01 12:14:01.740
0,0,32510,20580,11930,2023/07/01 12:14:31.801
0,0,32510,20580,11930,2023/07/01 12:15:01.849
0,0,32510,20580,11930,2023/07/01 12:15:31.911
0,42,32510,20580,11930,2023/07/01 12:16:01.975
0,0,32510,20580,11930,2023/07/01 12:16:32.017
0,0,32510,20580,11930,2023/07/01 12:17:02.063
0,0,32510,20580,11930,2023/07/01 12:17:32.123
0,22,32510,20580,11930,2023/07/01 12:18:02.238
0,100,32510,20580,11930,2023/07/01 12:18:32.302
0,0,32510,20580,11930,2023/07/01 12:19:02.366
0,77,32510,20580,11930,2023/07/01 12:19:32.454
0,0,32510,20580,11930,2023/07/01 12:20:02.510
0,0,32510,20580,11930,2023/07/01 12:20:32.574
0,0,32510,20580,11930,2023/07/01 12:21:02.612
0,16,32510,20580,11930,2023/07/01 12:21:32.675
0,0,32510,20580,11930,2023/07/01 12:22:02.747
0,45,32510,20580,11930,2023/07/01 12:22:32.851
0,15,32510,20580,11930,2023/07/01 12:23:02.937
0,0,32510,20580,11930,2023/07/01 12:23:32.996
0,0,32510,20580,11930,2023/07/01 12:24:03.037
0,0,32510,20580,11930,2023/07/01 12:24:33.075
0,0,32510,20580,11930,2023/07/01 12:25:03.140
0,0,32510,20580,11930,2023/07/01 12:25:33.253
0,0,32510,20580,11930,2023/07/01 12:26:03.313
0,0,32510,20580,11930,2023/07/01 12:26:33.360
0,2,32510,20580,11930,2023/07/01 12:27:03.422
0,0,32510,20580,11930,2023/07/01 12:27:33.472
0,0,32510,20580,11930,2023/07/01 12:28:03.514
0,0,32510,20580,11930,2023/07/01 12:28:33.562
0,29,32510,20580,11930,2023/07/01 12:29:03.661
0,0,32510,20580,11930,2023/07/01 12:29:33.755
0,0,32510,20580,11930,2023/07/01 12:30:03.814
0,0,32510,20580,11930,2023/07/01 12:30:33.875
0,4,32510,20580,11930,2023/07/01 12:31:03.937
0,0,32510,20580,11930,2023/07/01 12:31:33.998
0,60,32510,20580,11930,2023/07/01 12:32:04.063
0,20,32510,20580,11930,2023/07/01 12:32:34.103
0,0,32510,20580,11930,2023/07/01 12:33:04.166
0,100,32510,20580,11930,2023/07/01 12:33:34.209
0,0,32510,20580,11930,2023/07/01 12:34:04.251
0,0,32510,20580,11930,2023/07/01 12:34:34.319
0,0,32510,20580,11930,2023/07/01 12:35:04.387
0,0,32510,20580,11930,2023/07/01 12:35:34.449
0,0,32510,20580,11930,2023/07/01 12:36:04.506
0,74,32510,20580,11930,2023/07/01 12:36:34.565
0,100,32510,20580,11930,2023/07/01 12:37:04.632
0,14,32510,20580,11930,2023/07/01 12:37:34.690
0,0,32510,20580,11930,2023/07/01 12:38:04.793
0,10,32510,20580,11930,2023/07/01 12:38:34.862
0,31,32510,20580,11930,2023/07/01 12:39:04.945
0,0,32510,20580,11930,2023/07/01 12:39:35.004
0,0,32510,20580,11930,2023/07/01 12:40:05.062
0,0,32510,20580,11930,2023/07/01 12:40:35.121
0,99,32510,20580,11930,2023/07/01 12:41:05.186
0,0,32510,20580,11930,2023/07/01 12:41:35.273
0,0,32510,20580,11930,2023/07/01 12:42:05.364
0,0,32510,20580,11930,2023/07/01 12:42:35.432
0,89,32510,20580,11930,2023/07/01 12:43:05.495
0,0,32510,20580,11930,2023/07/01 12:43:35.532
0,0,32510,20580,11930,2023/07/01 12:44:05.583
0,0,32510,20580,11930,2023/07/01 12:44:35.647
0,0,32510,20580,11930,2023/07/01 12:45:05.681
0,0,32510,20580,11930,2023/07/01 12:45:35.720
0,0,32510,20580,11930,2023/07/01 12:46:05.761
0,0,32510,20580,11930,2023/07/01 12:46:35.823
0,0,32510,20580,11930,2023/07/01 12:47:05.861
0,0,32510,20580,11930,2023/07/01 12:47:35.940
0,37,32510,20580,11930,2023/07/01 12:48:06.004
0,47,32510,20580,11930,2023/07/01 12:48:36.068
0,99,32510,20580,11930,2023/07/01 12:49:06.154
0,0,32510,20580,11930,2023/07/01 12:49:36.200
0,76,32510,20580,11930,2023/07/01 12:50:06.259
0,21,32510,20580,11930,2023/07/01 12:50:36.349
0,78,32510,20580,11930,2023/07/01 12:51:06.438
0,0,32510,20580,11930,2023/07/01 12:51:36.472
0,0,32510,20580,11930,2023/07/01 12:52:06.532
0,0,32510,20580,11930,2023/07/01 12:52:36.596
0,0,32510,20580,11930,2023/07/01 12:53:06.664
0,0,32510,20580,11930,2023/07/01 12:53:36.740
0,0,32510,20580,11930,2023/07/01 12:54:06.777
0,0,32510,20580,11930,2023/07/01 12:54:36.846
0,0,32510,20580,11930,2023/07/01 12:55:06.880
0,51,32510,20580,11930,2023/07/01 12:55:36.962
0,0,32510,20580,11930,2023/07/01 12:56:07.038
0,0,32510,20580,11930,2023/07/01 12:56:37.077
0,14,32510,20580,11930,2023/07/01 12:57:07.162
0,0,32510,20580,11930,2023/07/01 12:57:37.210
0,0,32510,20580,11930,2023/07/01 12:58:07.271
0,0,32510,20580,11930,2023/07/01 12:58:37.323
0,0,32510,20580,11930,2023/07/01 12:59:07.401
0,0,32510,20580,11930,2023/07/01 12:59:37.462
0,0,32510,20580,11930,2023/07/01 13:00:07.522
0,52,32510,20580,11930,2023/07/01 13:00:37.590
0,0,32510,20580,11930,2023/07/01 13:01:07.662
0,0,32510,20580,11930,2023/07/01 13:01:37.723
0,0,32510,20580,11930,2023/07/01 13:02:07.787
0,0,32510,20580,11930,2023/07/01 13:02:37.838
0,0,32510,20580,11930,2023/07/01 13:03:07.900
0,0,32510,20580,11930,2023/07/01 13:03:37.933
0,1,32510,20580,11930,2023/07/01 13:04:07.995
0,0,32510,20580,11930,2023/07/01 13:04:38.062
0,0,32510,20580,11930,2023/07/01 13:05:08.139
0,0,32510,20580,11930,2023/07/01 13:05:38.179
0,0,32510,20580,11930,2023/07/01 13:06:08.243
0,0,32510,20580,11930,2023/07/01 13:06:38.308
0,79,32510,20580,11930,2023/07/01 13:07:08.371
0,0,32510,20580,11930,2023/07/01 13:07:38.414
0,0,32510,20580,11930,2023/07/01 13:08:08.492
0,0,32510,20580,11930,2023/07/01 13:08:38.563
0,0,32510,20580,11930,2023/07/01 13:09:08.643
0,0,32510,20580,11930,2023/07/01 13:09:38.705
0,0,32510,20580,11930,2023/07/01 13:10:08.768
0,74,32510,20580,11930,2023/07/01 13:10:38.846
0,0,32510,20580,11930,2023/07/01 13:11:08.885
0,10,32510,20580,11930,2023/07/01 13:11:38.963
0,0,32510,20580,11930,2023/07/01 13:12:09.025
0,39,32510,20580,11930,2023/07/01 13:12:39.087
0,0,32510,20580,11930,2023/07/01 13:13:09.154
0,0,32510,20580,11930,2023/07/01 13:13:39.214
0,72,32510,20580,11930,2023/07/01 13:14:09.274
0,45,32510,20580,11930,2023/07/01 13:14:39.362
0,54,32510,20580,11930,2023/07/01 13:15:09.450
0,0,32510,20580,11930,2023/07/01 13:15:39.488
0,0,32510,20580,11930,2023/07/01 13:16:09.560
0,46,32510,20580,11930,2023/07/01 13:16:39.650
0,0,32510,20580,11930,2023/07/01 13:17:09.708
0,28,32510,20580,11930,2023/07/01 13:17:39.790
0,17,32510,20580,11930,2023/07/01 13:18:09.863
0,68,32510,20580,11930,2023/07/01 13:18:39.950
0,21,32510,20580,11930,2023/07/01 13:19:10.047
0,37,32510,20580,11930,2023/07/01 13:19:40.099
0,0,32510,20580,11930,2023/07/01 13:20:10.163
0,18,32510,20580,11930,2023/07/01 13:20:40.259
0,21,32510,20580,11930,2023/07/01 13:21:10.361
0,0,32510,20580,11930,2023/07/01 13:21:40.422
0,0,32510,20580,11930,2023/07/01 13:22:10.487
0,0,32510,20580,11930,2023/07/01 13:22:40.563
0,0,32510,20580,11930,2023/07/01 13:23:10.610
0,35,32510,20580,11930,2023/07/01 13:23:40.667
0,61,32510,20580,11930,2023/07/01 13:24:10.745
0,0,32510,20580,11930,2023/07/01 13:24:40.806
0,38,32510,20580,11930,2023/07/01 13:25:10.858
0,0,32510,20580,11930,2023/07/01 13:25:40.900
0,0,32510,20580,11930,2023/07/01 13:26:10.962
0,63,32510,20580,11930,2023/07/01 13:26:41.050
0,0,32510,20580,11930,2023/07/01 13:27:11.111
0,32,32510,20580,11930,2023/07/01 13:27:41.165
0,3,32510,20580,11930,2023/07/01 13:28:11.223
0,0,32510,20580,11930,2023/07/01 13:28:41.287
0,3,32510,20580,11930,2023/07/01 13:29:11.325
0,0,32510,20580,11930,2023/07/01 13:29:41.374
0,100,32510,20580,11930,2023/07/01 13:30:11.458
0,79,32510,20580,11930,2023/07/01 13:30:41.497
0,0,32510,20580,11930,2023/07/01 13:31:11.562
0,0,32510,20580,11930,2023/07/01 13:31:41.622
0,0,32510,20580,11930,2023/07/01 13:32:11.684
0,84,32510,20580,11930,2023/07/01 13:32:41.763
0,0,32510,20580,11930,2023/07/01 13:33:11.827
0,0,32510,20580,11930,2023/07/01 13:33:41.876
0,0,32510,20580,11930,2023/07/01 13:34:11.964
0,0,32510,20580,11930,2023/07/01 13:34:42.025
0,0,32510,20580,11930,2023/07/01 13:35:12.056
0,0,32510,20580,11930,2023/07/01 13:35:42.122
0,0,32510,20580,11930,2023/07/01 13:36:12.168
0,0,32510,20580,11930,2023/07/01 13:36:42.226
0,58,32510,20580,11930,2023/07/01 13:37:12.285
0,71,32510,20580,11930,2023/07/01 13:37:42.358
0,56,32510,20580,11930,2023/07/01 13:38:12.445
0,77,32510,20580,11930,2023/07/01 13:38:42.506
0,0,32510,20580,11930,2023/07/01 13:39:12.594
0,0,32510,20580,11930,2023/07/01 13:39:42.661
0,0,32510,20580,11930,2023/07/01 13:40:12.709
0,0,32510,20580,11930,2023/07/01 13:40:42.771
0,0,32510,20580,11930,2023/07/01 13:41:12.838
0,0,32510,20580,11930,2023/07/01 13:41:42.878
0,42,32510,20580,11930,2023/07/01 13:42:12.961
0,0,32510,20580,11930,2023/07/01 13:42:43.023
0,41,32510,20580,11930,2023/07/01 13:43:13.087
0,53,32510,20580,11930,2023/07/01 13:43:43.149
0,2,32510,20580,11930,2023/07/01 13:44:13.205
0,22,32510,20580,11930,2023/07/01 13:44:43.266
0,0,32510,20580,11930,2023/07/01 13:45:13.340
0,0,32510,20580,11930,2023/07/01 13:45:43.403
0,0,32510,20580,11930,2023/07/01 13:46:13.465
0,0,32510,20580,11930,2023/07/01 13:46:43.539
0,100,32510,20580,11930,2023/07/01 13:47:13.640
0,0,32510,20580,11930,2023/07/01 13:47:43.703
0,38,32510,20580,11930,2023/07/01 13:48:13.763
0,6,32510,20580,11930,2023/07/01 13:48:43.840
0,0,32510,20580,11930,2023/07/01 13:49:13.901
0,42,32510,20580,11930,2023/07/01 13:49:43.962
0,41,32510,20580,11930,2023/07/01 13:50:14.049
0,0,32510,20580,11930,2023/07/01 13:50:44.095
0,17,32510,20580,11930,2023/07/01 13:51:14.159
0,58,32510,20580,11930,2023/07/01 13:51:44.237
0,0,32510,20580,11930,2023/07/01 13:52:14.271
0,54,32510,20580,11930,2023/07/01 13:52:44.359
0,0,32510,20580,11930,2023/07/01 13:53:14.396
0,15,32510,20580,11930,2023/07/01 13:53:44.459
0,91,32510,20580,11930,2023/07/01 13:54:14.521
0,0,32510,20580,11930,2023/07/01 13:54:44.581
0,0,32510,20580,11930,2023/07/01 13:55:14.647
0,0,32510,20580,11930,2023/07/01 13:55:44.711
0,0,32510,20580,11930,2023/07/01 13:56:14.763
0,69,32510,20580,11930,2023/07/01 13:56:44.856
0,0,32510,20580,11930,2023/07/01 13:57:14.896
0,32,32510,20580,11930,2023/07/01 13:57:44.959
0,0,32510,20580,11930,2023/07/01 13:58:15.014
0,42,32510,20580,11930,2023/07/01 13:58:45.068
0,0,32510,20580,11930,2023/07/01 13:59:15.139
0,0,32510,20580,11930,2023/07/01 13:59:45.203
0,59,32510,20580,11930,2023/07/01 14:00:15.265
0,26,32510,20580,11930,2023/07/01 14:00:45.346
0,0,32510,20580,11930,2023/07/01 14:01:15.385
0,23,32510,20580,11930,2023/07/01 14:01:45.469
0,0,32510,20580,11930,2023/07/01 14:02:15.539
0,0,32510,20580,11930,2023/07/01 14:02:45.603
0,0,32510,20580,11930,2023/07/01 14:03:15.648
0,85,32510,20580,11930,2023/07/01 14:03:45.732
0,36,32510,20580,11930,2023/07/01 14:04:15.797
0,0,32510,20580,11930,2023/07/01 14:04:45.861
0,0,32510,20580,11930,2023/07/01 14:05:15.922
0,100,32510,20580,11930,2023/07/01 14:05:45.979
0,78,32510,20580,11930,2023/07/01 14:06:16.039
0,0,32510,20580,11930,2023/07/01 14:06:46.081
0,0,32510,20580,11930,2023/07/01 14:07:16.147
0,38,32510,20580,11930,2023/07/01 14:07:46.247
0,0,32510,20580,11930,2023/07/01 14:08:16.306
0,6,32510,20580,11930,2023/07/01 14:08:46.367
0,0,32510,20580,11930,2023/07/01 14:09:16.441
0,0,32510,20580,11930,2023/07/01 14:09:46.494
0,36,32510,20580,11930,2023/07/01 14:10:16.553
0,0,32510,20580,11930,2023/07/01 14:10:46.611
0,0,32510,20580,11930,2023/07/01 14:11:16.674
0,0,32510,20580,11930,2023/07/01 14:11:46.746
0,21,32510,20580,11930,2023/07/01 14:12:16.848
0,60,32510,20580,11930,2023/07/01 14:12:46.932
0,0,32510,20580,11930,2023/07/01 14:13:16.994
0,0,32510,20580,11930,2023/07/01 14:13:47.093
0,45,32510,20580,11930,2023/07/01 14:14:17.157
0,44,32510,20580,11930,2023/07/01 14:14:47.246
0,32,32510,20580,11930,2023/07/01 14:15:17.338
0,15,32510,20580,11930,2023/07/01 14:15:47.400
0,5,32510,20580,11930,2023/07/01 14:16:17.461
0,0,32510,20580,11930,2023/07/01 14:16:47.517
0,0,32510,20580,11930,2023/07/01 14:17:17.581
0,0,32510,20580,11930,2023/07/01 14:17:47.621
0,42,32510,20580,11930,2023/07/01 14:18:17.704
0,0,32510,20580,11930,2023/07/01 14:18:47.761
0,0,32510,20580,11930,2023/07/01 14:19:17.823
0,0,32510,20580,11930,2023/07/01 14:19:47.887
0,0,32510,20580,11930,2023/07/01 14:20:17.962
0,0,32510,20580,11930,2023/07/01 14:20:48.026
0,0,32510,20580,11930,2023/07/01 14:21:18.089
0,33,32510,20580,11930,2023/07/01 14:21:48.158
0,0,32510,20580,11930,2023/07/01 14:22:18.216
0,0,32510,20580,11930,2023/07/01 14:22:48.269
0,0,32510,20580,11930,2023/07/01 14:23:18.339
0,0,32510,20580,11930,2023/07/01 14:23:48.394
0,0,32510,20580,11930,2023/07/01 14:24:18.450
0,0,32510,20580,11930,2023/07/01 14:24:48.537
0,0,32510,20580,11930,2023/07/01 14:25:18.588
0,16,32510,20580,11930,2023/07/01 14:25:48.668
0,0,32510,20580,11930,2023/07/01 14:26:18.749
0,100,32510,20580,11930,2023/07/01 14:26:48.783
0,0,32510,20580,11930,2023/07/01 14:27:18.850
0,0,32510,20580,11930,2023/07/01 14:27:48.887
0,14,32510,20580,11930,2023/07/01 14:28:18.958
0,0,32510,20580,11930,2023/07/01 14:28:49.020
0,0,32510,20580,11930,2023/07/01 14:29:19.062
0,2,32510,20580,11930,2023/07/01 14:29:49.150
0,22,32510,20580,11930,2023/07/01 14:30:19.190
0,0,32510,20580,11930,2023/07/01 14:30:49.262
0,0,32510,20580,11930,2023/07/01 14:31:19.328
0,0,32510,20580,11930,2023/07/01 14:31:49.378
0,18,32510,20580,11930,2023/07/01 14:32:19.444
0,0,32510,20580,11930,2023/07/01 14:32:49.477
0,62,32510,20580,11930,2023/07/01 14:33:19.564
0,0,32510,20580,11930,2023/07/01 14:33:49.599
0,0,32510,20580,11930,2023/07/01 14:34:19.654
0,0,32510,20580,11930,2023/07/01 14:34:49.712
0,0,32510,20580,11930,2023/07/01 14:35:19.775
0,0,32510,20580,11930,2023/07/01 14:35:49.850
0,0,32510,20580,11930,2023/07/01 14:36:19.912
0,0,32510,20580,11930,2023/07/01 14:36:49.976
0,0,32510,20580,11930,2023/07/01 14:37:20.049
0,0,32510,20580,11930,2023/07/01 14:37:50.103
0,61,32510,20580,11930,2023/07/01 14:38:20.164
0,51,32510,20580,11930,2023/07/01 14:38:50.240
0,0,32510,20580,11930,2023/07/01 14:39:20.301
0,0,32510,20580,11930,2023/07/01 14:39:50.363
0,0,32510,20580,11930,2023/07/01 14:40:20.419
0,0,32510,20580,11930,2023/07/01 14:40:50.488
0,0,32510,20580,11930,2023/07/01 14:41:20.562
0,33,32510,20580,11930,2023/07/01 14:41:50.647
0,70,32510,20580,11930,2023/07/01 14:42:20.751
0,13,32510,20580,11930,2023/07/01 14:42:50.839
0,30,32510,20580,11930,2023/07/01 14:43:20.873
0,0,32510,20580,11930,2023/07/01 14:43:50.954
0,0,32510,20580,11930,2023/07/01 14:44:21.017
0,0,32510,20580,11930,2023/07/01 14:44:51.078
0,0,32510,20580,11930,2023/07/01 14:45:21.158
0,0,32510,20580,11930,2023/07/01 14:45:51.245
0,0,32510,20580,11930,2023/07/01 14:46:21.306
